{"/home/brandonvu/capstoneproject/spec/scrip-spec.js":{"path":"/home/brandonvu/capstoneproject/spec/scrip-spec.js","s":{"1":1,"2":1,"3":1,"4":1,"5":1,"6":1,"7":1,"8":1,"9":1,"10":1,"11":1,"12":1,"13":1,"14":1,"15":1,"16":1,"17":1,"18":1,"19":1,"20":1,"21":1,"22":1,"23":1,"24":1,"25":1,"26":1,"27":1,"28":1},"b":{},"f":{"1":1,"2":1,"3":1,"4":1,"5":1,"6":1},"fnMap":{"1":{"name":"(anonymous_1)","line":5,"loc":{"start":{"line":5,"column":27},"end":{"line":5,"column":37}}},"2":{"name":"(anonymous_2)","line":6,"loc":{"start":{"line":6,"column":111},"end":{"line":6,"column":122}}},"3":{"name":"(anonymous_3)","line":20,"loc":{"start":{"line":20,"column":29},"end":{"line":20,"column":39}}},"4":{"name":"(anonymous_4)","line":21,"loc":{"start":{"line":21,"column":68},"end":{"line":21,"column":79}}},"5":{"name":"(anonymous_5)","line":31,"loc":{"start":{"line":31,"column":37},"end":{"line":31,"column":47}}},"6":{"name":"(anonymous_6)","line":32,"loc":{"start":{"line":32,"column":106},"end":{"line":32,"column":117}}}},"statementMap":{"1":{"start":{"line":1,"column":0},"end":{"line":1,"column":61}},"2":{"start":{"line":2,"column":0},"end":{"line":2,"column":36}},"3":{"start":{"line":4,"column":0},"end":{"line":4,"column":33}},"4":{"start":{"line":5,"column":0},"end":{"line":18,"column":3}},"5":{"start":{"line":6,"column":4},"end":{"line":17,"column":7}},"6":{"start":{"line":7,"column":8},"end":{"line":11,"column":10}},"7":{"start":{"line":12,"column":8},"end":{"line":12,"column":35}},"8":{"start":{"line":13,"column":8},"end":{"line":13,"column":97}},"9":{"start":{"line":14,"column":8},"end":{"line":14,"column":72}},"10":{"start":{"line":15,"column":8},"end":{"line":15,"column":75}},"11":{"start":{"line":16,"column":8},"end":{"line":16,"column":42}},"12":{"start":{"line":20,"column":0},"end":{"line":29,"column":3}},"13":{"start":{"line":21,"column":4},"end":{"line":28,"column":7}},"14":{"start":{"line":22,"column":8},"end":{"line":22,"column":35}},"15":{"start":{"line":23,"column":8},"end":{"line":23,"column":97}},"16":{"start":{"line":24,"column":8},"end":{"line":24,"column":99}},"17":{"start":{"line":25,"column":8},"end":{"line":25,"column":102}},"18":{"start":{"line":26,"column":8},"end":{"line":26,"column":59}},"19":{"start":{"line":27,"column":8},"end":{"line":27,"column":50}},"20":{"start":{"line":31,"column":0},"end":{"line":42,"column":3}},"21":{"start":{"line":32,"column":4},"end":{"line":41,"column":7}},"22":{"start":{"line":34,"column":8},"end":{"line":34,"column":27}},"23":{"start":{"line":35,"column":8},"end":{"line":35,"column":41}},"24":{"start":{"line":36,"column":8},"end":{"line":36,"column":41}},"25":{"start":{"line":37,"column":8},"end":{"line":37,"column":98}},"26":{"start":{"line":38,"column":8},"end":{"line":38,"column":98}},"27":{"start":{"line":39,"column":8},"end":{"line":39,"column":66}},"28":{"start":{"line":40,"column":8},"end":{"line":40,"column":49}}},"branchMap":{}},"/home/brandonvu/capstoneproject/project/src/main/webapp/emailParse.js":{"path":"/home/brandonvu/capstoneproject/project/src/main/webapp/emailParse.js","s":{"1":1,"2":1,"3":2,"4":2,"5":1,"6":1,"7":1,"8":3,"9":2,"10":2,"11":1,"12":1,"13":1,"14":3,"15":1,"16":3,"17":1,"18":1},"b":{"1":[2,1]},"f":{"1":1,"2":1,"3":1},"fnMap":{"1":{"name":"(anonymous_1)","line":51,"loc":{"start":{"line":51,"column":29},"end":{"line":51,"column":43}}},"2":{"name":"(anonymous_2)","line":61,"loc":{"start":{"line":61,"column":19},"end":{"line":61,"column":39}}},"3":{"name":"(anonymous_3)","line":72,"loc":{"start":{"line":72,"column":21},"end":{"line":72,"column":34}}}},"statementMap":{"1":{"start":{"line":52,"column":8},"end":{"line":52,"column":27}},"2":{"start":{"line":53,"column":8},"end":{"line":56,"column":9}},"3":{"start":{"line":54,"column":12},"end":{"line":54,"column":53}},"4":{"start":{"line":55,"column":12},"end":{"line":55,"column":31}},"5":{"start":{"line":57,"column":8},"end":{"line":57,"column":23}},"6":{"start":{"line":62,"column":8},"end":{"line":62,"column":50}},"7":{"start":{"line":63,"column":8},"end":{"line":68,"column":9}},"8":{"start":{"line":64,"column":12},"end":{"line":67,"column":13}},"9":{"start":{"line":65,"column":16},"end":{"line":65,"column":54}},"10":{"start":{"line":66,"column":16},"end":{"line":66,"column":118}},"11":{"start":{"line":69,"column":8},"end":{"line":69,"column":39}},"12":{"start":{"line":73,"column":8},"end":{"line":73,"column":33}},"13":{"start":{"line":74,"column":8},"end":{"line":76,"column":9}},"14":{"start":{"line":75,"column":12},"end":{"line":75,"column":38}},"15":{"start":{"line":77,"column":8},"end":{"line":77,"column":63}},"16":{"start":{"line":77,"column":56},"end":{"line":77,"column":61}},"17":{"start":{"line":78,"column":8},"end":{"line":78,"column":29}},"18":{"start":{"line":83,"column":0},"end":{"line":88,"column":2}}},"branchMap":{"1":{"line":64,"type":"if","locations":[{"start":{"line":64,"column":12},"end":{"line":64,"column":12}},{"start":{"line":64,"column":12},"end":{"line":64,"column":12}}]}}}}