TN:
SF:/home/brandonvu/capstoneproject/spec/scrip-spec.js
FN:5,(anonymous_1)
FN:6,(anonymous_2)
FN:20,(anonymous_3)
FN:21,(anonymous_4)
FN:31,(anonymous_5)
FN:32,(anonymous_6)
FNF:6
FNH:6
FNDA:1,(anonymous_1)
FNDA:1,(anonymous_2)
FNDA:1,(anonymous_3)
FNDA:1,(anonymous_4)
FNDA:1,(anonymous_5)
FNDA:1,(anonymous_6)
DA:1,1
DA:2,1
DA:4,1
DA:5,1
DA:6,1
DA:7,1
DA:12,1
DA:13,1
DA:14,1
DA:15,1
DA:16,1
DA:20,1
DA:21,1
DA:22,1
DA:23,1
DA:24,1
DA:25,1
DA:26,1
DA:27,1
DA:31,1
DA:32,1
DA:34,1
DA:35,1
DA:36,1
DA:37,1
DA:38,1
DA:39,1
DA:40,1
LF:28
LH:28
BRF:0
BRH:0
end_of_record
TN:
SF:/home/brandonvu/capstoneproject/project/src/main/webapp/emailParse.js
FN:51,(anonymous_1)
FN:61,(anonymous_2)
FN:72,(anonymous_3)
FNF:3
FNH:3
FNDA:1,(anonymous_1)
FNDA:1,(anonymous_2)
FNDA:1,(anonymous_3)
DA:52,1
DA:53,1
DA:54,2
DA:55,2
DA:57,1
DA:62,1
DA:63,1
DA:64,3
DA:65,2
DA:66,2
DA:69,1
DA:73,1
DA:74,1
DA:75,3
DA:77,3
DA:78,1
DA:83,1
LF:17
LH:17
BRDA:64,1,0,2
BRDA:64,1,1,1
BRF:2
BRH:2
end_of_record
